0 info it worked if it ends with ok
1 verbose cli [ '/usr/local/bin/node', '/usr/local/bin/npm', 'run', 'dev' ]
2 info using npm@3.9.3
3 info using node@v4.4.2
4 verbose run-script [ 'predev', 'dev', 'postdev' ]
5 info lifecycle admin@0.0.0~predev: admin@0.0.0
6 silly lifecycle admin@0.0.0~predev: no script for predev, continuing
7 info lifecycle admin@0.0.0~dev: admin@0.0.0
8 verbose lifecycle admin@0.0.0~dev: unsafe-perm in lifecycle true
9 verbose lifecycle admin@0.0.0~dev: PATH: /usr/local/lib/node_modules/npm/bin/node-gyp-bin:/Users/eliasmikkola/coding/Junction-2016/node_modules/.bin:/usr/local/bin:/usr/local/bin:/usr/bin:/bin:/usr/sbin:/sbin
10 verbose lifecycle admin@0.0.0~dev: CWD: /Users/eliasmikkola/coding/Junction-2016
11 silly lifecycle admin@0.0.0~dev: Args: [ '-c', 'nodemon app.js' ]
12 silly lifecycle admin@0.0.0~dev: Returned: code: 1  signal: null
13 info lifecycle admin@0.0.0~dev: Failed to exec dev script
14 verbose stack Error: admin@0.0.0 dev: `nodemon app.js`
14 verbose stack Exit status 1
14 verbose stack     at EventEmitter.<anonymous> (/usr/local/lib/node_modules/npm/lib/utils/lifecycle.js:245:16)
14 verbose stack     at emitTwo (events.js:87:13)
14 verbose stack     at EventEmitter.emit (events.js:172:7)
14 verbose stack     at ChildProcess.<anonymous> (/usr/local/lib/node_modules/npm/lib/utils/spawn.js:24:14)
14 verbose stack     at emitTwo (events.js:87:13)
14 verbose stack     at ChildProcess.emit (events.js:172:7)
14 verbose stack     at maybeClose (internal/child_process.js:827:16)
14 verbose stack     at Process.ChildProcess._handle.onexit (internal/child_process.js:211:5)
15 verbose pkgid admin@0.0.0
16 verbose cwd /Users/eliasmikkola/coding/Junction-2016
17 error Darwin 15.0.0
18 error argv "/usr/local/bin/node" "/usr/local/bin/npm" "run" "dev"
19 error node v4.4.2
20 error npm  v3.9.3
21 error code ELIFECYCLE
22 error admin@0.0.0 dev: `nodemon app.js`
22 error Exit status 1
23 error Failed at the admin@0.0.0 dev script 'nodemon app.js'.
23 error Make sure you have the latest version of node.js and npm installed.
23 error If you do, this is most likely a problem with the admin package,
23 error not with npm itself.
23 error Tell the author that this fails on your system:
23 error     nodemon app.js
23 error You can get information on how to open an issue for this project with:
23 error     npm bugs admin
23 error Or if that isn't available, you can get their info via:
23 error     npm owner ls admin
23 error There is likely additional logging output above.
24 verbose exit [ 1, true ]
